app/manifest-merger-release-report.txt
-- Merging decision tree log ---
manifest
ADDED from AndroidManifest.xml:2:1
	package
		ADDED from AndroidManifest.xml:3:5
		INJECTED from AndroidManifest.xml:0:0
		INJECTED from AndroidManifest.xml:0:0
	android:versionName
		INJECTED from AndroidManifest.xml:0:0
		INJECTED from AndroidManifest.xml:0:0
	xmlns:android
		ADDED from AndroidManifest.xml:2:11
	android:versionCode
		INJECTED from AndroidManifest.xml:0:0
		INJECTED from AndroidManifest.xml:0:0
uses-permission#android.permission.INTERNET
ADDED from AndroidManifest.xml:4:5
	android:name
		ADDED from AndroidManifest.xml:4:22
uses-permission#android.permission.ACCESS_NETWORK_STATE
ADDED from AndroidManifest.xml:5:5
	android:name
		ADDED from AndroidManifest.xml:5:22
uses-permission#android.permission.ACCESS_WIFI_STATE
ADDED from AndroidManifest.xml:6:5
	android:name
		ADDED from AndroidManifest.xml:6:22
uses-permission#android.permission.WRITE_EXTERNAL_STORAGE
ADDED from AndroidManifest.xml:7:5
	android:name
		ADDED from AndroidManifest.xml:7:22
uses-permission#android.permission.READ_PHONE_STATE
ADDED from AndroidManifest.xml:8:5
	android:name
		ADDED from AndroidManifest.xml:8:22
application
ADDED from AndroidManifest.xml:10:5
MERGED from com.android.support:appcompat-v7:21.0.3:16:5
MERGED from com.android.support:support-v4:21.0.3:16:5
	android:label
		ADDED from AndroidManifest.xml:13:9
	android:allowBackup
		ADDED from AndroidManifest.xml:11:9
	android:icon
		ADDED from AndroidManifest.xml:12:9
	android:theme
		ADDED from AndroidManifest.xml:14:9
activity#com.acumensubham.subham.acumen_it.splash
ADDED from AndroidManifest.xml:15:9
	android:screenOrientation
		ADDED from AndroidManifest.xml:18:13
	android:label
		ADDED from AndroidManifest.xml:17:13
	android:name
		ADDED from AndroidManifest.xml:16:13
intent-filter#android.intent.action.MAIN+android.intent.category.LAUNCHER
ADDED from AndroidManifest.xml:19:13
action#android.intent.action.MAIN
ADDED from AndroidManifest.xml:20:17
	android:name
		ADDED from AndroidManifest.xml:20:25
category#android.intent.category.LAUNCHER
ADDED from AndroidManifest.xml:22:17
	android:name
		ADDED from AndroidManifest.xml:22:27
activity#com.acumensubham.subham.acumen_it.MainActivity
ADDED from AndroidManifest.xml:26:9
	android:screenOrientation
		ADDED from AndroidManifest.xml:29:13
	android:label
		ADDED from AndroidManifest.xml:28:13
	android:name
		ADDED from AndroidManifest.xml:27:13
intent-filter#android.intent.category.DEFAULT+com.example.subham.acumen_it.MAINACTIVITY
ADDED from AndroidManifest.xml:30:13
action#com.example.subham.acumen_it.MAINACTIVITY
ADDED from AndroidManifest.xml:31:17
	android:name
		ADDED from AndroidManifest.xml:31:25
category#android.intent.category.DEFAULT
ADDED from AndroidManifest.xml:33:17
	android:name
		ADDED from AndroidManifest.xml:33:27
activity#com.acumensubham.subham.acumen_it.eventactivity
ADDED from AndroidManifest.xml:36:9
	android:screenOrientation
		ADDED from AndroidManifest.xml:39:13
	android:label
		ADDED from AndroidManifest.xml:38:13
	android:name
		ADDED from AndroidManifest.xml:37:13
intent-filter#com.example.subham.acumen_it.EVENTACTIVITY
ADDED from AndroidManifest.xml:40:13
action#com.example.subham.acumen_it.EVENTACTIVITY
ADDED from AndroidManifest.xml:41:17
	android:name
		ADDED from AndroidManifest.xml:41:25
activity#com.acumensubham.subham.acumen_it.vasaviactivity
ADDED from AndroidManifest.xml:46:9
	android:screenOrientation
		ADDED from AndroidManifest.xml:49:13
	android:label
		ADDED from AndroidManifest.xml:48:13
	android:name
		ADDED from AndroidManifest.xml:47:13
intent-filter#com.example.subham.acumen_it.VASAVIACTIVITY
ADDED from AndroidManifest.xml:50:13
action#com.example.subham.acumen_it.VASAVIACTIVITY
ADDED from AndroidManifest.xml:51:17
	android:name
		ADDED from AndroidManifest.xml:51:25
activity#com.acumensubham.subham.acumen_it.aboutactivity
ADDED from AndroidManifest.xml:56:9
	android:screenOrientation
		ADDED from AndroidManifest.xml:59:13
	android:label
		ADDED from AndroidManifest.xml:58:13
	android:name
		ADDED from AndroidManifest.xml:57:13
intent-filter#com.example.subham.acumen_it.ABOUTACTIVITY
ADDED from AndroidManifest.xml:60:13
action#com.example.subham.acumen_it.ABOUTACTIVITY
ADDED from AndroidManifest.xml:61:17
	android:name
		ADDED from AndroidManifest.xml:61:25
activity#com.acumensubham.subham.acumen_it.codeacticity
ADDED from AndroidManifest.xml:66:9
	android:screenOrientation
		ADDED from AndroidManifest.xml:69:13
	android:label
		ADDED from AndroidManifest.xml:68:13
	android:name
		ADDED from AndroidManifest.xml:67:13
intent-filter#com.example.subham.acumen_it.CODEACTIVITY
ADDED from AndroidManifest.xml:70:13
action#com.example.subham.acumen_it.CODEACTIVITY
ADDED from AndroidManifest.xml:71:17
	android:name
		ADDED from AndroidManifest.xml:71:25
activity#com.acumensubham.subham.acumen_it.logicmagicactivity
ADDED from AndroidManifest.xml:76:9
	android:screenOrientation
		ADDED from AndroidManifest.xml:79:13
	android:label
		ADDED from AndroidManifest.xml:78:13
	android:name
		ADDED from AndroidManifest.xml:77:13
intent-filter#com.example.subham.acumen_it.LOGICMAGICACTIVITY
ADDED from AndroidManifest.xml:80:13
action#com.example.subham.acumen_it.LOGICMAGICACTIVITY
ADDED from AndroidManifest.xml:81:17
	android:name
		ADDED from AndroidManifest.xml:81:25
activity#com.acumensubham.subham.acumen_it.sportsactivity
ADDED from AndroidManifest.xml:86:9
	android:screenOrientation
		ADDED from AndroidManifest.xml:89:13
	android:label
		ADDED from AndroidManifest.xml:88:13
	android:name
		ADDED from AndroidManifest.xml:87:13
intent-filter#com.example.subham.acumen_it.SPORTSACTIVITY
ADDED from AndroidManifest.xml:90:13
action#com.example.subham.acumen_it.SPORTSACTIVITY
ADDED from AndroidManifest.xml:91:17
	android:name
		ADDED from AndroidManifest.xml:91:25
activity#com.acumensubham.subham.acumen_it.kodernanactivity
ADDED from AndroidManifest.xml:97:9
	android:screenOrientation
		ADDED from AndroidManifest.xml:100:13
	android:label
		ADDED from AndroidManifest.xml:99:13
	android:name
		ADDED from AndroidManifest.xml:98:13
intent-filter#com.example.subham.acumen_it.KODERNANACTIVITY
ADDED from AndroidManifest.xml:101:13
action#com.example.subham.acumen_it.KODERNANACTIVITY
ADDED from AndroidManifest.xml:102:17
	android:name
		ADDED from AndroidManifest.xml:102:25
activity#com.acumensubham.subham.acumen_it.mosiacactivity
ADDED from AndroidManifest.xml:107:9
	android:screenOrientation
		ADDED from AndroidManifest.xml:110:13
	android:label
		ADDED from AndroidManifest.xml:109:13
	android:name
		ADDED from AndroidManifest.xml:108:13
intent-filter#com.example.subham.acumen_it.MOSIACACTIVITY
ADDED from AndroidManifest.xml:111:13
action#com.example.subham.acumen_it.MOSIACACTIVITY
ADDED from AndroidManifest.xml:112:17
	android:name
		ADDED from AndroidManifest.xml:112:25
activity#com.acumensubham.subham.acumen_it.cshootactivity
ADDED from AndroidManifest.xml:117:9
	android:screenOrientation
		ADDED from AndroidManifest.xml:120:13
	android:label
		ADDED from AndroidManifest.xml:119:13
	android:name
		ADDED from AndroidManifest.xml:118:13
intent-filter#com.example.subham.acumen_it.CSHOOTACTIVITY
ADDED from AndroidManifest.xml:121:13
action#com.example.subham.acumen_it.CSHOOTACTIVITY
ADDED from AndroidManifest.xml:122:17
	android:name
		ADDED from AndroidManifest.xml:122:25
activity#com.acumensubham.subham.acumen_it.tictacactivity
ADDED from AndroidManifest.xml:128:9
	android:screenOrientation
		ADDED from AndroidManifest.xml:131:13
	android:label
		ADDED from AndroidManifest.xml:130:13
	android:name
		ADDED from AndroidManifest.xml:129:13
intent-filter#com.example.subham.acumen_it.TICTACACTIVITY
ADDED from AndroidManifest.xml:132:13
action#com.example.subham.acumen_it.TICTACACTIVITY
ADDED from AndroidManifest.xml:133:17
	android:name
		ADDED from AndroidManifest.xml:133:25
activity#com.acumensubham.subham.acumen_it.adernalineactivity
ADDED from AndroidManifest.xml:139:9
	android:screenOrientation
		ADDED from AndroidManifest.xml:142:13
	android:label
		ADDED from AndroidManifest.xml:141:13
	android:name
		ADDED from AndroidManifest.xml:140:13
intent-filter#com.example.subham.acumen_it.ADERNALINEACTIVITY
ADDED from AndroidManifest.xml:143:13
action#com.example.subham.acumen_it.ADERNALINEACTIVITY
ADDED from AndroidManifest.xml:144:17
	android:name
		ADDED from AndroidManifest.xml:144:25
activity#com.acumensubham.subham.acumen_it.chakravyuhactivity
ADDED from AndroidManifest.xml:149:9
	android:screenOrientation
		ADDED from AndroidManifest.xml:152:13
	android:label
		ADDED from AndroidManifest.xml:151:13
	android:name
		ADDED from AndroidManifest.xml:150:13
intent-filter#com.example.subham.acumen_it.CHAKRAVYUHACTIVITY
ADDED from AndroidManifest.xml:153:13
action#com.example.subham.acumen_it.CHAKRAVYUHACTIVITY
ADDED from AndroidManifest.xml:154:17
	android:name
		ADDED from AndroidManifest.xml:154:25
activity#com.acumensubham.subham.acumen_it.techhuntactivity
ADDED from AndroidManifest.xml:159:9
	android:screenOrientation
		ADDED from AndroidManifest.xml:162:13
	android:label
		ADDED from AndroidManifest.xml:161:13
	android:name
		ADDED from AndroidManifest.xml:160:13
intent-filter#com.example.subham.acumen_it.TECHHUNTACTIVITY
ADDED from AndroidManifest.xml:163:13
action#com.example.subham.acumen_it.TECHHUNTACTIVITY
ADDED from AndroidManifest.xml:164:17
	android:name
		ADDED from AndroidManifest.xml:164:25
activity#com.acumensubham.subham.acumen_it.techtrinicsactivity
ADDED from AndroidManifest.xml:169:9
	android:screenOrientation
		ADDED from AndroidManifest.xml:172:13
	android:label
		ADDED from AndroidManifest.xml:171:13
	android:name
		ADDED from AndroidManifest.xml:170:13
intent-filter#com.example.subham.acumen_it.TECHTRINICSACTIVITY
ADDED from AndroidManifest.xml:173:13
action#com.example.subham.acumen_it.TECHTRINICSACTIVITY
ADDED from AndroidManifest.xml:174:17
	android:name
		ADDED from AndroidManifest.xml:174:25
activity#com.acumensubham.subham.acumen_it.ladderactivity
ADDED from AndroidManifest.xml:179:9
	android:screenOrientation
		ADDED from AndroidManifest.xml:182:13
	android:label
		ADDED from AndroidManifest.xml:181:13
	android:name
		ADDED from AndroidManifest.xml:180:13
intent-filter#com.example.subham.acumen_it.LADDERACTIVITY
ADDED from AndroidManifest.xml:183:13
action#com.example.subham.acumen_it.LADDERACTIVITY
ADDED from AndroidManifest.xml:184:17
	android:name
		ADDED from AndroidManifest.xml:184:25
activity#com.acumensubham.subham.acumen_it.cstrikeactivity
ADDED from AndroidManifest.xml:189:9
	android:screenOrientation
		ADDED from AndroidManifest.xml:192:13
	android:label
		ADDED from AndroidManifest.xml:191:13
	android:name
		ADDED from AndroidManifest.xml:190:13
intent-filter#com.example.subham.acumen_it.CSTRIKEACTIVITY
ADDED from AndroidManifest.xml:193:13
action#com.example.subham.acumen_it.CSTRIKEACTIVITY
ADDED from AndroidManifest.xml:194:17
	android:name
		ADDED from AndroidManifest.xml:194:25
activity#com.acumensubham.subham.acumen_it.orchestrateactivity
ADDED from AndroidManifest.xml:199:9
	android:screenOrientation
		ADDED from AndroidManifest.xml:202:13
	android:label
		ADDED from AndroidManifest.xml:201:13
	android:name
		ADDED from AndroidManifest.xml:200:13
intent-filter#com.example.subham.acumen_it.ORCHESTRATEACTIVITY
ADDED from AndroidManifest.xml:203:13
action#com.example.subham.acumen_it.ORCHESTRATEACTIVITY
ADDED from AndroidManifest.xml:204:17
	android:name
		ADDED from AndroidManifest.xml:204:25
activity#com.acumensubham.subham.acumen_it.testurwits
ADDED from AndroidManifest.xml:209:9
	android:screenOrientation
		ADDED from AndroidManifest.xml:212:13
	android:label
		ADDED from AndroidManifest.xml:211:13
	android:name
		ADDED from AndroidManifest.xml:210:13
intent-filter#com.example.subham.acumen_it.TESTURWITS
ADDED from AndroidManifest.xml:213:13
action#com.example.subham.acumen_it.TESTURWITS
ADDED from AndroidManifest.xml:214:17
	android:name
		ADDED from AndroidManifest.xml:214:25
activity#com.acumensubham.subham.acumen_it.loopactivity
ADDED from AndroidManifest.xml:219:9
	android:screenOrientation
		ADDED from AndroidManifest.xml:222:13
	android:label
		ADDED from AndroidManifest.xml:221:13
	android:name
		ADDED from AndroidManifest.xml:220:13
intent-filter#com.example.subham.acumen_it.LOOPACTIVITY
ADDED from AndroidManifest.xml:223:13
action#com.example.subham.acumen_it.LOOPACTIVITY
ADDED from AndroidManifest.xml:224:17
	android:name
		ADDED from AndroidManifest.xml:224:25
activity#com.acumensubham.subham.acumen_it.paperactivity
ADDED from AndroidManifest.xml:230:9
	android:screenOrientation
		ADDED from AndroidManifest.xml:233:13
	android:label
		ADDED from AndroidManifest.xml:232:13
	android:name
		ADDED from AndroidManifest.xml:231:13
intent-filter#com.example.subham.acumen_it.PAPERACTIVITY
ADDED from AndroidManifest.xml:234:13
action#com.example.subham.acumen_it.PAPERACTIVITY
ADDED from AndroidManifest.xml:235:17
	android:name
		ADDED from AndroidManifest.xml:235:25
activity#com.acumensubham.subham.acumen_it.posteractivity
ADDED from AndroidManifest.xml:240:9
	android:screenOrientation
		ADDED from AndroidManifest.xml:243:13
	android:label
		ADDED from AndroidManifest.xml:242:13
	android:name
		ADDED from AndroidManifest.xml:241:13
intent-filter#com.example.subham.acumen_it.POSTERACTIVITY
ADDED from AndroidManifest.xml:244:13
action#com.example.subham.acumen_it.POSTERACTIVITY
ADDED from AndroidManifest.xml:245:17
	android:name
		ADDED from AndroidManifest.xml:245:25
activity#com.acumensubham.subham.acumen_it.aboutapp
ADDED from AndroidManifest.xml:250:9
	android:screenOrientation
		ADDED from AndroidManifest.xml:253:13
	android:label
		ADDED from AndroidManifest.xml:252:13
	android:name
		ADDED from AndroidManifest.xml:251:13
intent-filter#com.example.subham.acumen_it.ABOUTAPP
ADDED from AndroidManifest.xml:254:13
action#com.example.subham.acumen_it.ABOUTAPP
ADDED from AndroidManifest.xml:255:17
	android:name
		ADDED from AndroidManifest.xml:255:25
activity#com.acumensubham.subham.acumen_it.sponser
ADDED from AndroidManifest.xml:260:9
	android:screenOrientation
		ADDED from AndroidManifest.xml:263:13
	android:label
		ADDED from AndroidManifest.xml:262:13
	android:name
		ADDED from AndroidManifest.xml:261:13
intent-filter#com.example.subham.acumen_it.SPONSER
ADDED from AndroidManifest.xml:264:13
action#com.example.subham.acumen_it.SPONSER
ADDED from AndroidManifest.xml:265:17
	android:name
		ADDED from AndroidManifest.xml:265:25
activity#com.acumensubham.subham.acumen_it.contact
ADDED from AndroidManifest.xml:271:9
	android:screenOrientation
		ADDED from AndroidManifest.xml:274:13
	android:label
		ADDED from AndroidManifest.xml:273:13
	android:name
		ADDED from AndroidManifest.xml:272:13
intent-filter#com.example.subham.acumen_it.CONTACT
ADDED from AndroidManifest.xml:275:13
action#com.example.subham.acumen_it.CONTACT
ADDED from AndroidManifest.xml:276:17
	android:name
		ADDED from AndroidManifest.xml:276:25
activity#com.acumensubham.subham.acumen_it.dabbler
ADDED from AndroidManifest.xml:281:9
	android:screenOrientation
		ADDED from AndroidManifest.xml:284:13
	android:label
		ADDED from AndroidManifest.xml:283:13
	android:name
		ADDED from AndroidManifest.xml:282:13
intent-filter#com.example.subham.acumen_it.DABBLER
ADDED from AndroidManifest.xml:285:13
action#com.example.subham.acumen_it.DABBLER
ADDED from AndroidManifest.xml:286:17
	android:name
		ADDED from AndroidManifest.xml:286:25
uses-sdk
INJECTED from AndroidManifest.xml:0:0 reason: use-sdk injection requested
MERGED from com.android.support:appcompat-v7:21.0.3:15:5
MERGED from com.android.support:support-v4:21.0.3:15:5
	android:targetSdkVersion
		INJECTED from AndroidManifest.xml:0:0
		INJECTED from AndroidManifest.xml:0:0
	android:minSdkVersion
		INJECTED from AndroidManifest.xml:0:0
		INJECTED from AndroidManifest.xml:0:0